# JRE version: Java(TM) SE Runtime Environment (7.0_40-b43) (build 1.7.0_40-b43)
# Java VM: Java HotSpot(TM) 64-Bit Server VM (24.0-b56 mixed mode windows-amd64 compressed oops)
Heap
 PSYoungGen      total 280064K, used 19360K [0x00000000eaa80000, 0x0000000100000000, 0x0000000100000000)
  eden space 256000K, 0% used [0x00000000eaa80000,0x00000000eaa80048,0x00000000fa480000)
  from space 24064K, 80% used [0x00000000fa480000,0x00000000fb768190,0x00000000fbc00000)
  to   space 26624K, 0% used [0x00000000fe600000,0x00000000fe600000,0x0000000100000000)
 ParOldGen       total 69632K, used 62465K [0x00000000c0000000, 0x00000000c4400000, 0x00000000eaa80000)
  object space 69632K, 89% used [0x00000000c0000000,0x00000000c3d00710,0x00000000c4400000)
 PSPermGen       total 110080K, used 58848K [0x00000000b0000000, 0x00000000b6b80000, 0x00000000c0000000)
  object space 110080K, 53% used [0x00000000b0000000,0x00000000b39783b0,0x00000000b6b80000)
GC Heap History (10 events):
Event: 5090.831 GC heap after
Heap after GC invocations=23 (full 3):
 PSYoungGen      total 269824K, used 3156K [0x00000000eaa80000, 0x00000000fc400000, 0x0000000100000000)
  eden space 256000K, 0% used [0x00000000eaa80000,0x00000000eaa80000,0x00000000fa480000)
  from space 13824K, 22% used [0x00000000fb200000,0x00000000fb515110,0x00000000fbf80000)
  to   space 13824K, 0% used [0x00000000fa480000,0x00000000fa480000,0x00000000fb200000)
 ParOldGen       total 69632K, used 26027K [0x00000000c0000000, 0x00000000c4400000, 0x00000000eaa80000)
  object space 69632K, 37% used [0x00000000c0000000,0x00000000c196adf8,0x00000000c4400000)
 PSPermGen       total 111616K, used 56046K [0x00000000b0000000, 0x00000000b6d00000, 0x00000000c0000000)
  object space 111616K, 50% used [0x00000000b0000000,0x00000000b36bbb78,0x00000000b6d00000)
}
Event: 5101.365 GC heap before
{Heap before GC invocations=24 (full 3):
 PSYoungGen      total 269824K, used 225016K [0x00000000eaa80000, 0x00000000fc400000, 0x0000000100000000)
  eden space 256000K, 86% used [0x00000000eaa80000,0x00000000f83291e8,0x00000000fa480000)
  from space 13824K, 22% used [0x00000000fb200000,0x00000000fb515110,0x00000000fbf80000)
  to   space 13824K, 0% used [0x00000000fa480000,0x00000000fa480000,0x00000000fb200000)
 ParOldGen       total 69632K, used 26027K [0x00000000c0000000, 0x00000000c4400000, 0x00000000eaa80000)
  object space 69632K, 37% used [0x00000000c0000000,0x00000000c196adf8,0x00000000c4400000)
 PSPermGen       total 111616K, used 58485K [0x00000000b0000000, 0x00000000b6d00000, 0x00000000c0000000)
  object space 111616K, 52% used [0x00000000b0000000,0x00000000b391d508,0x00000000b6d00000)
Event: 5102.264 GC heap after
Heap after GC invocations=24 (full 3):
 PSYoungGen      total 269824K, used 13805K [0x00000000eaa80000, 0x00000000fcf00000, 0x0000000100000000)
  eden space 256000K, 0% used [0x00000000eaa80000,0x00000000eaa80000,0x00000000fa480000)
  from space 13824K, 99% used [0x00000000fa480000,0x00000000fb1fb420,0x00000000fb200000)
  to   space 19456K, 0% used [0x00000000fbc00000,0x00000000fbc00000,0x00000000fcf00000)
 ParOldGen       total 69632K, used 35312K [0x00000000c0000000, 0x00000000c4400000, 0x00000000eaa80000)
  object space 69632K, 50% used [0x00000000c0000000,0x00000000c227c178,0x00000000c4400000)
 PSPermGen       total 111616K, used 58485K [0x00000000b0000000, 0x00000000b6d00000, 0x00000000c0000000)
  object space 111616K, 52% used [0x00000000b0000000,0x00000000b391d508,0x00000000b6d00000)
}
Event: 5102.264 GC heap before
{Heap before GC invocations=25 (full 4):
 PSYoungGen      total 269824K, used 13805K [0x00000000eaa80000, 0x00000000fcf00000, 0x0000000100000000)
  eden space 256000K, 0% used [0x00000000eaa80000,0x00000000eaa80000,0x00000000fa480000)
  from space 13824K, 99% used [0x00000000fa480000,0x00000000fb1fb420,0x00000000fb200000)
  to   space 19456K, 0% used [0x00000000fbc00000,0x00000000fbc00000,0x00000000fcf00000)
 ParOldGen       total 69632K, used 35312K [0x00000000c0000000, 0x00000000c4400000, 0x00000000eaa80000)
  object space 69632K, 50% used [0x00000000c0000000,0x00000000c227c178,0x00000000c4400000)
 PSPermGen       total 111616K, used 58485K [0x00000000b0000000, 0x00000000b6d00000, 0x00000000c0000000)
  object space 111616K, 52% used [0x00000000b0000000,0x00000000b391d508,0x00000000b6d00000)
Event: 5103.045 GC heap after
Heap after GC invocations=25 (full 4):
 PSYoungGen      total 269824K, used 0K [0x00000000eaa80000, 0x00000000fcf00000, 0x0000000100000000)
  eden space 256000K, 0% used [0x00000000eaa80000,0x00000000eaa80000,0x00000000fa480000)
  from space 13824K, 0% used [0x00000000fa480000,0x00000000fa480000,0x00000000fb200000)
  to   space 19456K, 0% used [0x00000000fbc00000,0x00000000fbc00000,0x00000000fcf00000)
 ParOldGen       total 69632K, used 43847K [0x00000000c0000000, 0x00000000c4400000, 0x00000000eaa80000)
  object space 69632K, 62% used [0x00000000c0000000,0x00000000c2ad1da0,0x00000000c4400000)
 PSPermGen       total 110080K, used 58365K [0x00000000b0000000, 0x00000000b6b80000, 0x00000000c0000000)
  object space 110080K, 53% used [0x00000000b0000000,0x00000000b38ff690,0x00000000b6b80000)
}
Event: 5116.128 GC heap before
{Heap before GC invocations=26 (full 4):
 PSYoungGen      total 269824K, used 256000K [0x00000000eaa80000, 0x00000000fcf00000, 0x0000000100000000)
  eden space 256000K, 100% used [0x00000000eaa80000,0x00000000fa480000,0x00000000fa480000)
  from space 13824K, 0% used [0x00000000fa480000,0x00000000fa480000,0x00000000fb200000)
  to   space 19456K, 0% used [0x00000000fbc00000,0x00000000fbc00000,0x00000000fcf00000)
 ParOldGen       total 69632K, used 43847K [0x00000000c0000000, 0x00000000c4400000, 0x00000000eaa80000)
  object space 69632K, 62% used [0x00000000c0000000,0x00000000c2ad1da0,0x00000000c4400000)
 PSPermGen       total 110080K, used 58630K [0x00000000b0000000, 0x00000000b6b80000, 0x00000000c0000000)
  object space 110080K, 53% used [0x00000000b0000000,0x00000000b3941be0,0x00000000b6b80000)
Event: 5116.265 GC heap after
Heap after GC invocations=26 (full 4):
 PSYoungGen      total 275456K, used 19432K [0x00000000eaa80000, 0x0000000100000000, 0x0000000100000000)
  eden space 256000K, 0% used [0x00000000eaa80000,0x00000000eaa80000,0x00000000fa480000)
  from space 19456K, 99% used [0x00000000fbc00000,0x00000000fcefa3b8,0x00000000fcf00000)
  to   space 24064K, 0% used [0x00000000fa480000,0x00000000fa480000,0x00000000fbc00000)
 ParOldGen       total 69632K, used 48177K [0x00000000c0000000, 0x00000000c4400000, 0x00000000eaa80000)
  object space 69632K, 69% used [0x00000000c0000000,0x00000000c2f0c470,0x00000000c4400000)
 PSPermGen       total 110080K, used 58630K [0x00000000b0000000, 0x00000000b6b80000, 0x00000000c0000000)
  object space 110080K, 53% used [0x00000000b0000000,0x00000000b3941be0,0x00000000b6b80000)
}
Event: 7937.634 GC heap before
{Heap before GC invocations=27 (full 4):
 PSYoungGen      total 275456K, used 275432K [0x00000000eaa80000, 0x0000000100000000, 0x0000000100000000)
  eden space 256000K, 100% used [0x00000000eaa80000,0x00000000fa480000,0x00000000fa480000)
  from space 19456K, 99% used [0x00000000fbc00000,0x00000000fcefa3b8,0x00000000fcf00000)
  to   space 24064K, 0% used [0x00000000fa480000,0x00000000fa480000,0x00000000fbc00000)
 ParOldGen       total 69632K, used 48177K [0x00000000c0000000, 0x00000000c4400000, 0x00000000eaa80000)
  object space 69632K, 69% used [0x00000000c0000000,0x00000000c2f0c470,0x00000000c4400000)
 PSPermGen       total 110080K, used 58848K [0x00000000b0000000, 0x00000000b6b80000, 0x00000000c0000000)
  object space 110080K, 53% used [0x00000000b0000000,0x00000000b39783b0,0x00000000b6b80000)
Event: 7937.754 GC heap after
Heap after GC invocations=27 (full 4):
 PSYoungGen      total 280064K, used 19360K [0x00000000eaa80000, 0x0000000100000000, 0x0000000100000000)
  eden space 256000K, 0% used [0x00000000eaa80000,0x00000000eaa80000,0x00000000fa480000)
  from space 24064K, 80% used [0x00000000fa480000,0x00000000fb768190,0x00000000fbc00000)
  to   space 26624K, 0% used [0x00000000fe600000,0x00000000fe600000,0x0000000100000000)
 ParOldGen       total 69632K, used 62465K [0x00000000c0000000, 0x00000000c4400000, 0x00000000eaa80000)
  object space 69632K, 89% used [0x00000000c0000000,0x00000000c3d00710,0x00000000c4400000)
 PSPermGen       total 110080K, used 58848K [0x00000000b0000000, 0x00000000b6b80000, 0x00000000c0000000)
  object space 110080K, 53% used [0x00000000b0000000,0x00000000b39783b0,0x00000000b6b80000)
}
Event: 7937.754 GC heap before
{Heap before GC invocations=28 (full 5):
 PSYoungGen      total 280064K, used 19360K [0x00000000eaa80000, 0x0000000100000000, 0x0000000100000000)
  eden space 256000K, 0% used [0x00000000eaa80000,0x00000000eaa80000,0x00000000fa480000)
  from space 24064K, 80% used [0x00000000fa480000,0x00000000fb768190,0x00000000fbc00000)
  to   space 26624K, 0% used [0x00000000fe600000,0x00000000fe600000,0x0000000100000000)
 ParOldGen       total 69632K, used 62465K [0x00000000c0000000, 0x00000000c4400000, 0x00000000eaa80000)
  object space 69632K, 89% used [0x00000000c0000000,0x00000000c3d00710,0x00000000c4400000)
 PSPermGen       total 110080K, used 58848K [0x00000000b0000000, 0x00000000b6b80000, 0x00000000c0000000)
  object space 110080K, 53% used [0x00000000b0000000,0x00000000b39783b0,0x00000000b6b80000)

